<?xml version="1.0" encoding="UTF-8"?>
<!-- Generated by org.testng.reporters.JUnitReportReporter -->
<testsuite skipped="0" hostname="Kari" name="testcases.E2eTestCases" tests="1" failures="0" timestamp="2023-05-07T19:44:04 IST" time="18.100" errors="0">
  <testcase name="verifyLogin" time="18.100" classname="testcases.E2eTestCases"/>
  <system-out/>
</testsuite> <!-- testcases.E2eTestCases -->
