<?xml version="1.0" encoding="UTF-8"?>
<!-- Generated by org.testng.reporters.JUnitReportReporter -->
<testsuite skipped="0" hostname="Kari" name="testcases.GoToAccount" tests="1" failures="0" timestamp="2023-05-07T18:54:24 IST" time="2.627" errors="0">
  <testcase name="goToAccount" time="2.627" classname="testcases.GoToAccount"/>
  <system-out/>
</testsuite> <!-- testcases.GoToAccount -->
